Detecting C [-std=c11] compiler features failed to compile with the following output:
Change Dir: /Users/vakhidbetrakhmadov/Desktop/Project/Project-Group7/Realtime webcam streaming v2 (revised OOP Server:Client)/Client/cmake-build-debug/CMakeFiles/CMakeTmp

Run Build Command:"/usr/bin/make" "cmTC_c5ef4/fast"
/Applications/Xcode.app/Contents/Developer/usr/bin/make -f CMakeFiles/cmTC_c5ef4.dir/build.make CMakeFiles/cmTC_c5ef4.dir/build
CMakeFiles/cmTC_c5ef4.dir/build.make:64: *** target pattern contains no `%'.  Stop.
make: *** [cmTC_c5ef4/fast] Error 2



Detecting CXX [-std=c++1z] compiler features failed to compile with the following output:
Change Dir: /Users/vakhidbetrakhmadov/Desktop/Project/Project-Group7/Realtime webcam streaming v2 (revised OOP Server:Client)/Client/cmake-build-debug/CMakeFiles/CMakeTmp

Run Build Command:"/usr/bin/make" "cmTC_69041/fast"
/Applications/Xcode.app/Contents/Developer/usr/bin/make -f CMakeFiles/cmTC_69041.dir/build.make CMakeFiles/cmTC_69041.dir/build
CMakeFiles/cmTC_69041.dir/build.make:64: *** target pattern contains no `%'.  Stop.
make: *** [cmTC_69041/fast] Error 2



