Detecting C [-std=c11] compiler features failed to compile with the following output:
Change Dir: /Users/vakhidbetrakhmadov/Desktop/Project/Project-Group7/Realtime webcam streaming v2 (revised OOP Server:Client)/Server/cmake-build-debug/CMakeFiles/CMakeTmp

Run Build Command:"/usr/bin/make" "cmTC_298b1/fast"
/Applications/Xcode.app/Contents/Developer/usr/bin/make -f CMakeFiles/cmTC_298b1.dir/build.make CMakeFiles/cmTC_298b1.dir/build
CMakeFiles/cmTC_298b1.dir/build.make:64: *** target pattern contains no `%'.  Stop.
make: *** [cmTC_298b1/fast] Error 2



Detecting CXX [-std=c++1z] compiler features failed to compile with the following output:
Change Dir: /Users/vakhidbetrakhmadov/Desktop/Project/Project-Group7/Realtime webcam streaming v2 (revised OOP Server:Client)/Server/cmake-build-debug/CMakeFiles/CMakeTmp

Run Build Command:"/usr/bin/make" "cmTC_99312/fast"
/Applications/Xcode.app/Contents/Developer/usr/bin/make -f CMakeFiles/cmTC_99312.dir/build.make CMakeFiles/cmTC_99312.dir/build
CMakeFiles/cmTC_99312.dir/build.make:64: *** target pattern contains no `%'.  Stop.
make: *** [cmTC_99312/fast] Error 2



